<?xml version="1.0" encoding="UTF-8"?>
<!-- Generated by org.testng.reporters.JUnitXMLReporter -->
<testsuite hostname="DESKTOP-B2220QC" ignored="0" name="OperaTest" tests="4" failures="0" timestamp="2022-05-23T19:42:52 IST" time="0.055" errors="0">
  <testcase name="testC" time="0.007" classname="testClasses.TestClass2"/>
  <testcase name="testD" time="0.002" classname="testClasses.TestClass2"/>
  <testcase name="testA" time="0.002" classname="testClasses.TestClass"/>
  <testcase name="testB" time="0.002" classname="testClasses.TestClass"/>
</testsuite> <!-- OperaTest -->
